[INFO] 23:48:07 ts-node-dev ver. 2.0.0 (using ts-node ver. 10.9.2, typescript ver. 5.9.2)
--- Starting Flow Test ---
prisma:query SELECT "public"."users"."id", "public"."users"."email", "public"."users"."passwordHash", "public"."users"."name", "public"."users"."createdAt", "public"."users"."updatedAt" FROM "public"."users" WHERE 1=1 LIMIT $1 OFFSET $2
Found user: testuser@example.com (ID: 1)
prisma:query SELECT "public"."templates"."id", "public"."templates"."name", "public"."templates"."slug", "public"."templates"."description", "public"."templates"."techStack", "public"."templates"."domain", "public"."templates"."gitRepoUrl", "public"."templates"."thumbUrl", "public"."templates"."isActive", "public"."templates"."createdAt", "public"."templates"."updatedAt" FROM "public"."templates" WHERE "public"."templates"."isActive" = $1 OFFSET $2
Found 3 active templates
Selected template: minimal (cmmrlwhf10000rovh7xkthct1)
Git Repo: https://github.com/cobiwave/simplefolio
Simulated JWT generated
Testing Project Creation for user 1...
prisma:query SELECT "public"."templates"."id", "public"."templates"."name", "public"."templates"."slug", "public"."templates"."description", "public"."templates"."techStack", "public"."templates"."domain", "public"."templates"."gitRepoUrl", "public"."templates"."thumbUrl", "public"."templates"."isActive", "public"."templates"."createdAt", "public"."templates"."updatedAt" FROM "public"."templates" WHERE ("public"."templates"."id" = $1 AND 1=1) LIMIT $2 OFFSET $3
prisma:query INSERT INTO "public"."projects" ("userId","templateId","name","diskPath","status","createdAt","updatedAt") VALUES ($1,$2,$3,$4,CAST($5::text AS "public"."ProjectStatus"),$6,$7) RETURNING "public"."projects"."id", "public"."projects"."userId", "public"."projects"."templateId", "public"."projects"."name", "public"."projects"."diskPath", "public"."projects"."status"::text, "public"."projects"."previewUrl", "public"."projects"."lastSavedAt", "public"."projects"."lastOpenedAt", "public"."projects"."createdAt", "public"."projects"."updatedAt"
prisma:query UPDATE "public"."projects" SET "diskPath" = $1, "updatedAt" = $2 WHERE ("public"."projects"."id" = $3 AND 1=1) RETURNING "public"."projects"."id", "public"."projects"."userId", "public"."projects"."templateId", "public"."projects"."name", "public"."projects"."diskPath", "public"."projects"."status"::text, "public"."projects"."previewUrl", "public"."projects"."lastSavedAt", "public"."projects"."lastOpenedAt", "public"."projects"."createdAt", "public"."projects"."updatedAt"
[2026-03-15T18:18:16.387Z] [INFO] [project-service] Created instance folder: C:\Users\JANI PASHA\OneDrive\Documents\PERSONAL DETAILS\INTERVIEW PREP\Major project\Automation\portfolio-automation-tool\data\instances\1\30
[2026-03-15T18:18:16.387Z] [INFO] [project-service] Cloning https://github.com/cobiwave/simplefolio
prisma:query UPDATE "public"."projects" SET "status" = CAST($1::text AS "public"."ProjectStatus"), "updatedAt" = $2 WHERE ("public"."projects"."id" = $3 AND 1=1) RETURNING "public"."projects"."id", "public"."projects"."userId", "public"."projects"."templateId", "public"."projects"."name", "public"."projects"."diskPath", "public"."projects"."status"::text, "public"."projects"."previewUrl", "public"."projects"."lastSavedAt", "public"."projects"."lastOpenedAt", "public"."projects"."createdAt", "public"."projects"."updatedAt"
[2026-03-15T18:18:20.284Z] [INFO] [project-service] Project 30 READY ΓÇö no node_modules yet, container will install on first preview
Success! Project created: Test-1773598695432 (ID: 30)
Project status: READY

Testing Preview Assignment for project 30...
prisma:query SELECT "public"."projects"."id", "public"."projects"."userId", "public"."projects"."templateId", "public"."projects"."name", "public"."projects"."diskPath", "public"."projects"."status"::text, "public"."projects"."previewUrl", "public"."projects"."lastSavedAt", "public"."projects"."lastOpenedAt", "public"."projects"."createdAt", "public"."projects"."updatedAt" FROM "public"."projects" WHERE ("public"."projects"."id" = $1 AND 1=1) LIMIT $2 OFFSET $3
Preview assignment success!
{
  "previewUrl": "http://127.0.0.1:4001",
  "port": 4001,
  "runtimeId": "runtime-1"
}

Checking preview status for project 30...
{
  "isActive": true,
  "port": 4001,
  "previewUrl": "http://127.0.0.1:4001"
}
